<?xml version="1.0" encoding="UTF-8"?>
<!-- Generated by org.testng.reporters.JUnitXMLReporter -->
<testsuite hostname="DESKTOP-0KDP1L5" name="Default test" tests="10" failures="0" timestamp="1 Sep 2018 06:45:08 GMT" time="320.891" errors="0">
  <testcase name="verifyUserLoginCredentials" time="16.893" classname="com.scp.orange.hrm.login.OrangeHRMLoginTest"/>
  <testcase name="verifyUserLoginCredentials" time="13.649" classname="com.scp.orange.hrm.login.OrangeHRMLoginTest"/>
  <testcase name="verifyUserLoginCredentials" time="22.558" classname="com.scp.orange.hrm.login.OrangeHRMLoginTest"/>
  <testcase name="verifyUserLoginCredentials" time="24.9" classname="com.scp.orange.hrm.login.OrangeHRMLoginTest"/>
  <testcase name="verifyUserLoginCredentials" time="31.054" classname="com.scp.orange.hrm.login.OrangeHRMLoginTest"/>
  <testcase name="verifyUserLoginCredentials" time="23.352" classname="com.scp.orange.hrm.login.OrangeHRMLoginTest"/>
  <testcase name="verifyUserLoginCredentials" time="42.964" classname="com.scp.orange.hrm.login.OrangeHRMLoginTest"/>
  <testcase name="verifyUserLoginCredentials" time="30.329" classname="com.scp.orange.hrm.login.OrangeHRMLoginTest"/>
  <testcase name="verifyUserLoginCredentials" time="40.756" classname="com.scp.orange.hrm.login.OrangeHRMLoginTest"/>
  <testcase name="verifyUserLoginCredentials" time="70.608" classname="com.scp.orange.hrm.login.OrangeHRMLoginTest"/>
</testsuite> <!-- Default test -->
